d:\workspace\infra-rtc-sdk-windows\rtcdemo\release\mainwindow.obj
d:\workspace\infra-rtc-sdk-windows\rtcdemo\release\myeventhandler.obj
d:\workspace\infra-rtc-sdk-windows\rtcdemo\release\qdx12renderer.obj
d:\workspace\infra-rtc-sdk-windows\rtcdemo\release\main.obj
d:\workspace\infra-rtc-sdk-windows\rtcdemo\release\moc_qdx12renderer.obj
d:\workspace\infra-rtc-sdk-windows\rtcdemo\release\moc_mainwindow.obj
d:\workspace\infra-rtc-sdk-windows\rtcdemo\release\moc_predefs.h
d:\workspace\infra-rtc-sdk-windows\rtcdemo\release\moc_qdx12renderer.cpp
d:\workspace\infra-rtc-sdk-windows\rtcdemo\release\moc_mainwindow.cpp
d:\workspace\infra-rtc-sdk-windows\rtcdemo\ui_mainwindow.h
d:\workspace\infra-rtc-sdk-windows\rtcdemo\release\rtcdemo.tlog\cl.16904.write.1.tlog
d:\workspace\infra-rtc-sdk-windows\rtcdemo\release\rtcdemo.tlog\cl.command.1.tlog
d:\workspace\infra-rtc-sdk-windows\rtcdemo\release\rtcdemo.tlog\cl.read.1.tlog
d:\workspace\infra-rtc-sdk-windows\rtcdemo\release\rtcdemo.tlog\custombuild.command.1.tlog
d:\workspace\infra-rtc-sdk-windows\rtcdemo\release\rtcdemo.tlog\custombuild.read.1.tlog
d:\workspace\infra-rtc-sdk-windows\rtcdemo\release\rtcdemo.tlog\custombuild.write.1.tlog
d:\workspace\infra-rtc-sdk-windows\rtcdemo\release\rtcdemo.tlog\link.command.1.tlog
d:\workspace\infra-rtc-sdk-windows\rtcdemo\release\rtcdemo.tlog\link.read.1.tlog
d:\workspace\infra-rtc-sdk-windows\rtcdemo\release\rtcdemo.tlog\link.write.1.tlog
d:\workspace\infra-rtc-sdk-windows\rtcdemo\release\rtcdemo.tlog\moc.read.1u.tlog
d:\workspace\infra-rtc-sdk-windows\rtcdemo\release\rtcdemo.tlog\moc.write.1u.tlog
d:\workspace\infra-rtc-sdk-windows\rtcdemo\release\rtcdemo.tlog\rtcdemo.write.1u.tlog
d:\workspace\infra-rtc-sdk-windows\rtcdemo\release\rtcdemo.tlog\uic.read.1u.tlog
d:\workspace\infra-rtc-sdk-windows\rtcdemo\release\rtcdemo.tlog\uic.write.1u.tlog
